#
# There is insufficient memory for the Java Runtime Environment to continue.
# Native memory allocation (malloc) failed to allocate 890928 bytes. Error detail: Chunk::new
# Possible reasons:
#   The system is out of physical RAM or swap space
#   This process is running with CompressedOops enabled, and the Java Heap may be blocking the growth of the native heap
# Possible solutions:
#   Reduce memory load on the system
#   Increase physical memory or swap space
#   Check if swap backing store is full
#   Decrease Java heap size (-Xmx/-Xms)
#   Decrease number of Java threads
#   Decrease Java thread stack sizes (-Xss)
#   Set larger code cache with -XX:ReservedCodeCacheSize=
#   JVM is running with Unscaled Compressed Oops mode in which the Java heap is
#     placed in the first 4GB address space. The Java Heap base address is the
#     maximum limit for the native heap growth. Please use -XX:HeapBaseMinAddress
#     to set the Java Heap base and to place the Java Heap above 4GB virtual address.
# This output file may be truncated or incomplete.
#
#  Out of Memory Error (arena.cpp:168), pid=6548, tid=13468
#
# JRE version: OpenJDK Runtime Environment Temurin-21.0.6+7 (21.0.6+7) (build 21.0.6+7-LTS)
# Java VM: OpenJDK 64-Bit Server VM Temurin-21.0.6+7 (21.0.6+7-LTS, mixed mode, sharing, tiered, compressed oops, compressed class ptrs, parallel gc, windows-amd64)
# No core dump will be written. Minidumps are not enabled by default on client versions of Windows
#

---------------  S U M M A R Y ------------

Command Line: --add-modules=ALL-SYSTEM --add-opens=java.base/java.util=ALL-UNNAMED --add-opens=java.base/java.lang=ALL-UNNAMED --add-opens=java.base/sun.nio.fs=ALL-UNNAMED -Declipse.application=org.eclipse.jdt.ls.core.id1 -Dosgi.bundles.defaultStartLevel=4 -Declipse.product=org.eclipse.jdt.ls.core.product -Djava.import.generatesMetadataFilesAtProjectRoot=false -DDetectVMInstallationsJob.disabled=true -Dfile.encoding=utf8 -XX:+UseParallelGC -XX:GCTimeRatio=4 -XX:AdaptiveSizePolicyWeight=90 -Dsun.zip.disableMemoryMapping=true -Xmx1G -Xms100m -Xlog:disable -javaagent:c:\Users\user\.vscode\extensions\redhat.java-1.41.1-win32-x64\lombok\lombok-1.18.36.jar -XX:+HeapDumpOnOutOfMemoryError -XX:HeapDumpPath=c:\Users\user\AppData\Roaming\Code\User\workspaceStorage\2f68e58c5640157660ef261f56df7bc0\redhat.java -Daether.dependencyCollector.impl=bf c:\Users\user\.vscode\extensions\redhat.java-1.41.1-win32-x64\server\plugins\org.eclipse.equinox.launcher_1.7.0.v20250331-1702.jar -configuration c:\Users\user\AppData\Roaming\Code\User\globalStorage\redhat.java\1.41.1\config_win -data c:\Users\user\AppData\Roaming\Code\User\workspaceStorage\2f68e58c5640157660ef261f56df7bc0\redhat.java\jdt_ws --pipe=\\.\pipe\lsp-caf9ee86fe0222ad130719eb0482df4a-sock

Host: AMD Ryzen 3 5300U with Radeon Graphics         , 8 cores, 7G,  Windows 11 , 64 bit Build 22621 (10.0.22621.4974)
Time: Fri Apr 11 17:58:54 2025 SE Asia Standard Time elapsed time: 13.584811 seconds (0d 0h 0m 13s)

---------------  T H R E A D  ---------------

Current thread (0x000002bbbbfadf00):  JavaThread "C2 CompilerThread0" daemon [_thread_in_native, id=13468, stack(0x000000dbe6800000,0x000000dbe6900000) (1024K)]


Current CompileTask:
C2:13584 6981       4       sun.nio.fs.Globs::toRegexPattern (745 bytes)

Stack: [0x000000dbe6800000,0x000000dbe6900000]
Native frames: (J=compiled Java code, j=interpreted, Vv=VM code, C=native code)
V  [jvm.dll+0x6cdee9]
V  [jvm.dll+0x8a83d1]
V  [jvm.dll+0x8aa8fe]
V  [jvm.dll+0x8aafe3]
V  [jvm.dll+0x27f706]
V  [jvm.dll+0xc500d]
V  [jvm.dll+0xc5543]
V  [jvm.dll+0x3b678c]
V  [jvm.dll+0x382935]
V  [jvm.dll+0x381d9a]
V  [jvm.dll+0x2479f0]
V  [jvm.dll+0x246fcf]
V  [jvm.dll+0x1c75ee]
V  [jvm.dll+0x25685a]
V  [jvm.dll+0x254dfa]
V  [jvm.dll+0x3f0256]
V  [jvm.dll+0x851f8b]
V  [jvm.dll+0x6cc5ed]
C  [ucrtbase.dll+0x29333]
C  [KERNEL32.DLL+0x1259d]
C  [ntdll.dll+0x5af38]


---------------  P R O C E S S  ---------------

Threads class SMR info:
_java_thread_list=0x000002bb86c59cb0, length=42, elements={
0x000002bba597a270, 0x000002bbbbfa02f0, 0x000002bbbbfa1d00, 0x000002bbbbfa3aa0,
0x000002bbbbfa5f70, 0x000002bbbbfa7c30, 0x000002bbbbfaa690, 0x000002bbbbfadf00,
0x000002bbbbfc0270, 0x000002bbfea48610, 0x000002bbfecdd830, 0x000002bbff4ae390,
0x000002bbff3dff70, 0x000002bb841cf3a0, 0x000002bb841e6240, 0x000002bb84445810,
0x000002bb848b4330, 0x000002bb84486210, 0x000002bb84489000, 0x000002bb84485b80,
0x000002bb844868a0, 0x000002bb84486f30, 0x000002bb844875c0, 0x000002bb84487c50,
0x000002bb84488970, 0x000002bb844882e0, 0x000002bb8620f3a0, 0x000002bb8620fa30,
0x000002bb86210750, 0x000002bb86212190, 0x000002bb86212820, 0x000002bb8620ed10,
0x000002bb8620b890, 0x000002bb86210de0, 0x000002bb8620cc40, 0x000002bb8620d2d0,
0x000002bb86211470, 0x000002bb86212eb0, 0x000002bb8620c5b0, 0x000002bb8620d960,
0x000002bb8620dff0, 0x000002bb85749020
}

Java Threads: ( => current thread )
  0x000002bba597a270 JavaThread "main"                              [_thread_blocked, id=16168, stack(0x000000dbe5e00000,0x000000dbe5f00000) (1024K)]
  0x000002bbbbfa02f0 JavaThread "Reference Handler"          daemon [_thread_blocked, id=5100, stack(0x000000dbe6200000,0x000000dbe6300000) (1024K)]
  0x000002bbbbfa1d00 JavaThread "Finalizer"                  daemon [_thread_blocked, id=6108, stack(0x000000dbe6300000,0x000000dbe6400000) (1024K)]
  0x000002bbbbfa3aa0 JavaThread "Signal Dispatcher"          daemon [_thread_blocked, id=8808, stack(0x000000dbe6400000,0x000000dbe6500000) (1024K)]
  0x000002bbbbfa5f70 JavaThread "Attach Listener"            daemon [_thread_blocked, id=14200, stack(0x000000dbe6500000,0x000000dbe6600000) (1024K)]
  0x000002bbbbfa7c30 JavaThread "Service Thread"             daemon [_thread_blocked, id=11656, stack(0x000000dbe6600000,0x000000dbe6700000) (1024K)]
  0x000002bbbbfaa690 JavaThread "Monitor Deflation Thread"   daemon [_thread_blocked, id=10208, stack(0x000000dbe6700000,0x000000dbe6800000) (1024K)]
=>0x000002bbbbfadf00 JavaThread "C2 CompilerThread0"         daemon [_thread_in_native, id=13468, stack(0x000000dbe6800000,0x000000dbe6900000) (1024K)]
  0x000002bbbbfc0270 JavaThread "C1 CompilerThread0"         daemon [_thread_blocked, id=7672, stack(0x000000dbe6900000,0x000000dbe6a00000) (1024K)]
  0x000002bbfea48610 JavaThread "Common-Cleaner"             daemon [_thread_blocked, id=8164, stack(0x000000dbe6a00000,0x000000dbe6b00000) (1024K)]
  0x000002bbfecdd830 JavaThread "Notification Thread"        daemon [_thread_blocked, id=12576, stack(0x000000dbe6b00000,0x000000dbe6c00000) (1024K)]
  0x000002bbff4ae390 JavaThread "Active Thread: Equinox Container: 1eacc2c2-e4da-430f-80e6-58d9d16188d1"        [_thread_blocked, id=852, stack(0x000000dbe7300000,0x000000dbe7400000) (1024K)]
  0x000002bbff3dff70 JavaThread "Refresh Thread: Equinox Container: 1eacc2c2-e4da-430f-80e6-58d9d16188d1" daemon [_thread_blocked, id=1512, stack(0x000000dbe7400000,0x000000dbe7500000) (1024K)]
  0x000002bb841cf3a0 JavaThread "Framework Event Dispatcher: Equinox Container: 1eacc2c2-e4da-430f-80e6-58d9d16188d1" daemon [_thread_blocked, id=8776, stack(0x000000dbe7600000,0x000000dbe7700000) (1024K)]
  0x000002bb841e6240 JavaThread "Start Level: Equinox Container: 1eacc2c2-e4da-430f-80e6-58d9d16188d1" daemon [_thread_blocked, id=7744, stack(0x000000dbe7700000,0x000000dbe7800000) (1024K)]
  0x000002bb84445810 JavaThread "Bundle File Closer"         daemon [_thread_blocked, id=9576, stack(0x000000dbe7800000,0x000000dbe7900000) (1024K)]
  0x000002bb848b4330 JavaThread "SCR Component Actor"        daemon [_thread_blocked, id=3840, stack(0x000000dbe7900000,0x000000dbe7a00000) (1024K)]
  0x000002bb84486210 JavaThread "Worker-JM"                         [_thread_blocked, id=2240, stack(0x000000dbe7200000,0x000000dbe7300000) (1024K)]
  0x000002bb84489000 JavaThread "JNA Cleaner"                daemon [_thread_blocked, id=13844, stack(0x000000dbe7b00000,0x000000dbe7c00000) (1024K)]
  0x000002bb84485b80 JavaThread "Worker-0: Java indexing... "        [_thread_blocked, id=13948, stack(0x000000dbe7c00000,0x000000dbe7d00000) (1024K)]
  0x000002bb844868a0 JavaThread "Worker-1"                          [_thread_blocked, id=7908, stack(0x000000dbe7d00000,0x000000dbe7e00000) (1024K)]
  0x000002bb84486f30 JavaThread "Worker-2: Initialize Workspace"        [_thread_in_native, id=17256, stack(0x000000dbe7e00000,0x000000dbe7f00000) (1024K)]
  0x000002bb844875c0 JavaThread "Worker-3"                          [_thread_blocked, id=1092, stack(0x000000dbe7f00000,0x000000dbe8000000) (1024K)]
  0x000002bb84487c50 JavaThread "Java indexing"              daemon [_thread_blocked, id=18244, stack(0x000000dbe8000000,0x000000dbe8100000) (1024K)]
  0x000002bb84488970 JavaThread "Worker-4: Updating workspace"        [_thread_in_vm, id=17964, stack(0x000000dbe8100000,0x000000dbe8200000) (1024K)]
  0x000002bb844882e0 JavaThread "Worker-5: Synchronize Gradle projects with workspace"        [_thread_blocked, id=11760, stack(0x000000dbe8200000,0x000000dbe8300000) (1024K)]
  0x000002bb8620f3a0 JavaThread "Thread-2"                   daemon [_thread_in_native, id=15448, stack(0x000000dbe8300000,0x000000dbe8400000) (1024K)]
  0x000002bb8620fa30 JavaThread "Thread-3"                   daemon [_thread_in_native, id=8296, stack(0x000000dbe8400000,0x000000dbe8500000) (1024K)]
  0x000002bb86210750 JavaThread "Thread-4"                   daemon [_thread_in_native, id=6248, stack(0x000000dbe8500000,0x000000dbe8600000) (1024K)]
  0x000002bb86212190 JavaThread "Thread-5"                   daemon [_thread_in_native, id=5616, stack(0x000000dbe8600000,0x000000dbe8700000) (1024K)]
  0x000002bb86212820 JavaThread "Thread-6"                   daemon [_thread_in_native, id=3356, stack(0x000000dbe8700000,0x000000dbe8800000) (1024K)]
  0x000002bb8620ed10 JavaThread "Thread-7"                   daemon [_thread_in_native, id=8772, stack(0x000000dbe8800000,0x000000dbe8900000) (1024K)]
  0x000002bb8620b890 JavaThread "Thread-8"                   daemon [_thread_in_native, id=12224, stack(0x000000dbe8900000,0x000000dbe8a00000) (1024K)]
  0x000002bb86210de0 JavaThread "Thread-9"                   daemon [_thread_in_native, id=1904, stack(0x000000dbe8a00000,0x000000dbe8b00000) (1024K)]
  0x000002bb8620cc40 JavaThread "Thread-10"                  daemon [_thread_in_native, id=17980, stack(0x000000dbe8b00000,0x000000dbe8c00000) (1024K)]
  0x000002bb8620d2d0 JavaThread "pool-2-thread-1"                   [_thread_blocked, id=18304, stack(0x000000dbe8c00000,0x000000dbe8d00000) (1024K)]
  0x000002bb86211470 JavaThread "Timer-0"                           [_thread_blocked, id=9732, stack(0x000000dbe8d00000,0x000000dbe8e00000) (1024K)]
  0x000002bb86212eb0 JavaThread "Timer-1"                           [_thread_blocked, id=16692, stack(0x000000dbe8e00000,0x000000dbe8f00000) (1024K)]
  0x000002bb8620c5b0 JavaThread "Connection worker"                 [_thread_in_native, id=4912, stack(0x000000dbe8f00000,0x000000dbe9000000) (1024K)]
  0x000002bb8620d960 JavaThread "WorkspaceEventsHandler"            [_thread_blocked, id=15968, stack(0x000000dbe9000000,0x000000dbe9100000) (1024K)]
  0x000002bb8620dff0 JavaThread "pool-1-thread-1"                   [_thread_blocked, id=18344, stack(0x000000dbe9100000,0x000000dbe9200000) (1024K)]
  0x000002bb85749020 JavaThread "C2 CompilerThread1"         daemon [_thread_in_native, id=11860, stack(0x000000dbe9200000,0x000000dbe9300000) (1024K)]
Total: 42

Other Threads:
  0x000002bbbbf84d20 VMThread "VM Thread"                           [id=4064, stack(0x000000dbe6100000,0x000000dbe6200000) (1024K)]
  0x000002bbbbebc210 WatcherThread "VM Periodic Task Thread"        [id=14836, stack(0x000000dbe6000000,0x000000dbe6100000) (1024K)]
  0x000002bba7c0e960 WorkerThread "GC Thread#0"                     [id=5560, stack(0x000000dbe5f00000,0x000000dbe6000000) (1024K)]
  0x000002bbff266450 WorkerThread "GC Thread#1"                     [id=6308, stack(0x000000dbe6c00000,0x000000dbe6d00000) (1024K)]
  0x000002bbfeffda10 WorkerThread "GC Thread#2"                     [id=8972, stack(0x000000dbe6d00000,0x000000dbe6e00000) (1024K)]
  0x000002bbfeffddb0 WorkerThread "GC Thread#3"                     [id=9800, stack(0x000000dbe6e00000,0x000000dbe6f00000) (1024K)]
  0x000002bbfeffe150 WorkerThread "GC Thread#4"                     [id=11332, stack(0x000000dbe6f00000,0x000000dbe7000000) (1024K)]
  0x000002bbfeffe4f0 WorkerThread "GC Thread#5"                     [id=364, stack(0x000000dbe7000000,0x000000dbe7100000) (1024K)]
  0x000002bbfeda6ab0 WorkerThread "GC Thread#6"                     [id=15068, stack(0x000000dbe7100000,0x000000dbe7200000) (1024K)]
  0x000002bb840fe5d0 WorkerThread "GC Thread#7"                     [id=5424, stack(0x000000dbe7500000,0x000000dbe7600000) (1024K)]
Total: 10

Threads with active compile tasks:
C2 CompilerThread0  13615 6981       4       sun.nio.fs.Globs::toRegexPattern (745 bytes)
C2 CompilerThread1  13615 6912   !   4       java.nio.file.FileTreeWalker::next (144 bytes)
Total: 2

VM state: not at safepoint (normal execution)

VM Mutex/Monitor currently owned by a thread: None

Heap address: 0x00000000c0000000, size: 1024 MB, Compressed Oops mode: 32-bit

CDS archive(s) mapped at: [0x000002bbbc000000-0x000002bbbcba0000-0x000002bbbcba0000), size 12189696, SharedBaseAddress: 0x000002bbbc000000, ArchiveRelocationMode: 1.
Compressed class space mapped at: 0x000002bbbd000000-0x000002bbfd000000, reserved size: 1073741824
Narrow klass base: 0x000002bbbc000000, Narrow klass shift: 0, Narrow klass range: 0x100000000

GC Precious Log:
 CardTable entry size: 512
 CPUs: 8 total, 8 available
 Memory: 7502M
 Large Page Support: Disabled
 NUMA Support: Disabled
 Compressed Oops: Enabled (32-bit)
 Alignments: Space 512K, Generation 512K, Heap 2M
 Heap Min Capacity: 100M
 Heap Initial Capacity: 100M
 Heap Max Capacity: 1G
 Pre-touch: Disabled
 Parallel Workers: 8

Heap:
 PSYoungGen      total 22016K, used 19236K [0x00000000eab00000, 0x00000000ec680000, 0x0000000100000000)
  eden space 19968K, 86% used [0x00000000eab00000,0x00000000ebbccc28,0x00000000ebe80000)
  from space 2048K, 99% used [0x00000000ebe80000,0x00000000ec07c410,0x00000000ec080000)
  to   space 4096K, 0% used [0x00000000ec280000,0x00000000ec280000,0x00000000ec680000)
 ParOldGen       total 68608K, used 38323K [0x00000000c0000000, 0x00000000c4300000, 0x00000000eab00000)
  object space 68608K, 55% used [0x00000000c0000000,0x00000000c256ce58,0x00000000c4300000)
 Metaspace       used 49677K, committed 51008K, reserved 1114112K
  class space    used 5347K, committed 5952K, reserved 1048576K

Card table byte_map: [0x000002bba7590000,0x000002bba77a0000] _byte_map_base: 0x000002bba6f90000

Marking Bits: (ParMarkBitMap*) 0x00007ffe838b3260
 Begin Bits: [0x000002bbb9de0000, 0x000002bbbade0000)
 End Bits:   [0x000002bbbade0000, 0x000002bbbbde0000)

Polling page: 0x000002bba5a70000

Metaspace:

Usage:
  Non-class:     43.29 MB used.
      Class:      5.22 MB used.
       Both:     48.51 MB used.

Virtual space:
  Non-class space:       64.00 MB reserved,      44.00 MB ( 69%) committed,  1 nodes.
      Class space:        1.00 GB reserved,       5.81 MB ( <1%) committed,  1 nodes.
             Both:        1.06 GB reserved,      49.81 MB (  5%) committed. 

Chunk freelists:
   Non-Class:  3.22 MB
       Class:  10.23 MB
        Both:  13.45 MB

MaxMetaspaceSize: unlimited
CompressedClassSpaceSize: 1.00 GB
Initial GC threshold: 21.00 MB
Current GC threshold: 58.38 MB
CDS: on
 - commit_granule_bytes: 65536.
 - commit_granule_words: 8192.
 - virtual_space_node_default_size: 8388608.
 - enlarge_chunks_in_place: 1.
 - use_allocation_guard: 0.


Internal statistics:

num_allocs_failed_limit: 6.
num_arena_births: 872.
num_arena_deaths: 32.
num_vsnodes_births: 2.
num_vsnodes_deaths: 0.
num_space_committed: 797.
num_space_uncommitted: 0.
num_chunks_returned_to_freelist: 42.
num_chunks_taken_from_freelist: 3112.
num_chunk_merges: 12.
num_chunk_splits: 1937.
num_chunks_enlarged: 1114.
num_inconsistent_stats: 0.

CodeHeap 'non-profiled nmethods': size=120000Kb used=3020Kb max_used=3020Kb free=116979Kb
 bounds [0x000002bbb28b0000, 0x000002bbb2bb0000, 0x000002bbb9de0000]
CodeHeap 'profiled nmethods': size=120000Kb used=12677Kb max_used=12677Kb free=107323Kb
 bounds [0x000002bbaade0000, 0x000002bbaba50000, 0x000002bbb2310000]
CodeHeap 'non-nmethods': size=5760Kb used=1422Kb max_used=1442Kb free=4337Kb
 bounds [0x000002bbb2310000, 0x000002bbb2580000, 0x000002bbb28b0000]
 total_blobs=7125 nmethods=6428 adapters=601
 compilation: enabled
              stopped_count=0, restarted_count=0
 full_count=0

Compilation events (20 events):
Event: 13.546 Thread 0x000002bbbbfc0270 7028   !   3       java.lang.Thread::blockedOn (27 bytes)
Event: 13.547 Thread 0x000002bbbbfc0270 nmethod 7028 0x000002bbaba30d90 code [0x000002bbaba30f40, 0x000002bbaba31168]
Event: 13.557 Thread 0x000002bbbbfc0270 7030       2       org.eclipse.jdt.internal.core.search.indexing.AbstractIndexer::addConstructorReference (58 bytes)
Event: 13.559 Thread 0x000002bbbbfc0270 nmethod 7030 0x000002bbaba31290 code [0x000002bbaba31560, 0x000002bbaba31d30]
Event: 13.560 Thread 0x000002bbbbfc0270 7032       2       org.eclipse.jdt.core.compiler.CharOperation::concatWith (127 bytes)
Event: 13.561 Thread 0x000002bbbbfc0270 nmethod 7032 0x000002bbaba32410 code [0x000002bbaba325e0, 0x000002bbaba32a68]
Event: 13.566 Thread 0x000002bbbbfc0270 7034       2       org.eclipse.jdt.internal.core.search.indexing.BinaryIndexer::extractReferenceFromConstantPool (358 bytes)
Event: 13.568 Thread 0x000002bbbbfc0270 nmethod 7034 0x000002bbaba32d10 code [0x000002bbaba33000, 0x000002bbaba33908]
Event: 13.568 Thread 0x000002bbbbfc0270 7035       2       org.eclipse.jdt.core.compiler.CharOperation::replace (35 bytes)
Event: 13.568 Thread 0x000002bbbbfc0270 nmethod 7035 0x000002bbaba34190 code [0x000002bbaba34320, 0x000002bbaba344a8]
Event: 13.569 Thread 0x000002bbbbfc0270 7036       2       org.eclipse.jdt.internal.compiler.parser.Scanner::scanIdentifierOrKeywordWithBoundCheck (198 bytes)
Event: 13.570 Thread 0x000002bbbbfc0270 nmethod 7036 0x000002bbaba34590 code [0x000002bbaba347a0, 0x000002bbaba34c00]
Event: 13.572 Thread 0x000002bbbbfc0270 7037  s    3       sun.nio.fs.WindowsDirectoryStream$WindowsDirectoryIterator::hasNext (35 bytes)
Event: 13.572 Thread 0x000002bbbbfc0270 nmethod 7037 0x000002bbaba34e10 code [0x000002bbaba34fc0, 0x000002bbaba352a0]
Event: 13.572 Thread 0x000002bbbbfc0270 7038   !   3       sun.nio.fs.WindowsDirectoryStream$WindowsDirectoryIterator::readNextEntry (192 bytes)
Event: 13.573 Thread 0x000002bbbbfc0270 nmethod 7038 0x000002bbaba35390 code [0x000002bbaba35660, 0x000002bbaba36248]
Event: 13.574 Thread 0x000002bbbbfc0270 7039       2       jdk.internal.jimage.ImageReader$SharedImageReader::handleModulesSubTree (56 bytes)
Event: 13.575 Thread 0x000002bbbbfc0270 nmethod 7039 0x000002bbaba36910 code [0x000002bbaba36ae0, 0x000002bbaba36ce0]
Event: 13.578 Thread 0x000002bbbbfc0270 7041       2       org.eclipse.jdt.internal.core.search.indexing.BinaryIndexer::convertToArrayType (75 bytes)
Event: 13.578 Thread 0x000002bbbbfc0270 nmethod 7041 0x000002bbaba36f10 code [0x000002bbaba370e0, 0x000002bbaba374c0]

GC Heap History (20 events):
Event: 9.114 GC heap before
{Heap before GC invocations=18 (full 2):
 PSYoungGen      total 20992K, used 288K [0x00000000eab00000, 0x00000000ec380000, 0x0000000100000000)
  eden space 20480K, 0% used [0x00000000eab00000,0x00000000eab00000,0x00000000ebf00000)
  from space 512K, 56% used [0x00000000ec300000,0x00000000ec348000,0x00000000ec380000)
  to   space 1024K, 0% used [0x00000000ec180000,0x00000000ec180000,0x00000000ec280000)
 ParOldGen       total 68608K, used 29292K [0x00000000c0000000, 0x00000000c4300000, 0x00000000eab00000)
  object space 68608K, 42% used [0x00000000c0000000,0x00000000c1c9b290,0x00000000c4300000)
 Metaspace       used 34737K, committed 35840K, reserved 1114112K
  class space    used 3475K, committed 3904K, reserved 1048576K
}
Event: 9.172 GC heap after
{Heap after GC invocations=18 (full 2):
 PSYoungGen      total 20992K, used 0K [0x00000000eab00000, 0x00000000ec380000, 0x0000000100000000)
  eden space 20480K, 0% used [0x00000000eab00000,0x00000000eab00000,0x00000000ebf00000)
  from space 512K, 0% used [0x00000000ec300000,0x00000000ec300000,0x00000000ec380000)
  to   space 1024K, 0% used [0x00000000ec180000,0x00000000ec180000,0x00000000ec280000)
 ParOldGen       total 68608K, used 28682K [0x00000000c0000000, 0x00000000c4300000, 0x00000000eab00000)
  object space 68608K, 41% used [0x00000000c0000000,0x00000000c1c02b90,0x00000000c4300000)
 Metaspace       used 34722K, committed 35840K, reserved 1114112K
  class space    used 3471K, committed 3904K, reserved 1048576K
}
Event: 9.423 GC heap before
{Heap before GC invocations=19 (full 2):
 PSYoungGen      total 20992K, used 20480K [0x00000000eab00000, 0x00000000ec380000, 0x0000000100000000)
  eden space 20480K, 100% used [0x00000000eab00000,0x00000000ebf00000,0x00000000ebf00000)
  from space 512K, 0% used [0x00000000ec300000,0x00000000ec300000,0x00000000ec380000)
  to   space 1024K, 0% used [0x00000000ec180000,0x00000000ec180000,0x00000000ec280000)
 ParOldGen       total 68608K, used 28682K [0x00000000c0000000, 0x00000000c4300000, 0x00000000eab00000)
  object space 68608K, 41% used [0x00000000c0000000,0x00000000c1c02b90,0x00000000c4300000)
 Metaspace       used 36806K, committed 37888K, reserved 1114112K
  class space    used 3783K, committed 4288K, reserved 1048576K
}
Event: 9.426 GC heap after
{Heap after GC invocations=19 (full 2):
 PSYoungGen      total 21504K, used 1024K [0x00000000eab00000, 0x00000000ec380000, 0x0000000100000000)
  eden space 20480K, 0% used [0x00000000eab00000,0x00000000eab00000,0x00000000ebf00000)
  from space 1024K, 100% used [0x00000000ec180000,0x00000000ec280000,0x00000000ec280000)
  to   space 1024K, 0% used [0x00000000ec280000,0x00000000ec280000,0x00000000ec380000)
 ParOldGen       total 68608K, used 29058K [0x00000000c0000000, 0x00000000c4300000, 0x00000000eab00000)
  object space 68608K, 42% used [0x00000000c0000000,0x00000000c1c60b90,0x00000000c4300000)
 Metaspace       used 36806K, committed 37888K, reserved 1114112K
  class space    used 3783K, committed 4288K, reserved 1048576K
}
Event: 9.670 GC heap before
{Heap before GC invocations=20 (full 2):
 PSYoungGen      total 21504K, used 21504K [0x00000000eab00000, 0x00000000ec380000, 0x0000000100000000)
  eden space 20480K, 100% used [0x00000000eab00000,0x00000000ebf00000,0x00000000ebf00000)
  from space 1024K, 100% used [0x00000000ec180000,0x00000000ec280000,0x00000000ec280000)
  to   space 1024K, 0% used [0x00000000ec280000,0x00000000ec280000,0x00000000ec380000)
 ParOldGen       total 68608K, used 29058K [0x00000000c0000000, 0x00000000c4300000, 0x00000000eab00000)
  object space 68608K, 42% used [0x00000000c0000000,0x00000000c1c60b90,0x00000000c4300000)
 Metaspace       used 38760K, committed 39936K, reserved 1114112K
  class space    used 4065K, committed 4608K, reserved 1048576K
}
Event: 9.672 GC heap after
{Heap after GC invocations=20 (full 2):
 PSYoungGen      total 21504K, used 800K [0x00000000eab00000, 0x00000000ec380000, 0x0000000100000000)
  eden space 20480K, 0% used [0x00000000eab00000,0x00000000eab00000,0x00000000ebf00000)
  from space 1024K, 78% used [0x00000000ec280000,0x00000000ec348000,0x00000000ec380000)
  to   space 1024K, 0% used [0x00000000ec180000,0x00000000ec180000,0x00000000ec280000)
 ParOldGen       total 68608K, used 30058K [0x00000000c0000000, 0x00000000c4300000, 0x00000000eab00000)
  object space 68608K, 43% used [0x00000000c0000000,0x00000000c1d5ab90,0x00000000c4300000)
 Metaspace       used 38760K, committed 39936K, reserved 1114112K
  class space    used 4065K, committed 4608K, reserved 1048576K
}
Event: 9.831 GC heap before
{Heap before GC invocations=21 (full 2):
 PSYoungGen      total 21504K, used 21280K [0x00000000eab00000, 0x00000000ec380000, 0x0000000100000000)
  eden space 20480K, 100% used [0x00000000eab00000,0x00000000ebf00000,0x00000000ebf00000)
  from space 1024K, 78% used [0x00000000ec280000,0x00000000ec348000,0x00000000ec380000)
  to   space 1024K, 0% used [0x00000000ec180000,0x00000000ec180000,0x00000000ec280000)
 ParOldGen       total 68608K, used 30058K [0x00000000c0000000, 0x00000000c4300000, 0x00000000eab00000)
  object space 68608K, 43% used [0x00000000c0000000,0x00000000c1d5ab90,0x00000000c4300000)
 Metaspace       used 40457K, committed 41664K, reserved 1114112K
  class space    used 4268K, committed 4800K, reserved 1048576K
}
Event: 9.833 GC heap after
{Heap after GC invocations=21 (full 2):
 PSYoungGen      total 21504K, used 928K [0x00000000eab00000, 0x00000000ec300000, 0x0000000100000000)
  eden space 20480K, 0% used [0x00000000eab00000,0x00000000eab00000,0x00000000ebf00000)
  from space 1024K, 90% used [0x00000000ec180000,0x00000000ec268000,0x00000000ec280000)
  to   space 512K, 0% used [0x00000000ec280000,0x00000000ec280000,0x00000000ec300000)
 ParOldGen       total 68608K, used 30634K [0x00000000c0000000, 0x00000000c4300000, 0x00000000eab00000)
  object space 68608K, 44% used [0x00000000c0000000,0x00000000c1deabb0,0x00000000c4300000)
 Metaspace       used 40457K, committed 41664K, reserved 1114112K
  class space    used 4268K, committed 4800K, reserved 1048576K
}
Event: 10.673 GC heap before
{Heap before GC invocations=22 (full 2):
 PSYoungGen      total 21504K, used 21408K [0x00000000eab00000, 0x00000000ec300000, 0x0000000100000000)
  eden space 20480K, 100% used [0x00000000eab00000,0x00000000ebf00000,0x00000000ebf00000)
  from space 1024K, 90% used [0x00000000ec180000,0x00000000ec268000,0x00000000ec280000)
  to   space 512K, 0% used [0x00000000ec280000,0x00000000ec280000,0x00000000ec300000)
 ParOldGen       total 68608K, used 30634K [0x00000000c0000000, 0x00000000c4300000, 0x00000000eab00000)
  object space 68608K, 44% used [0x00000000c0000000,0x00000000c1deabb0,0x00000000c4300000)
 Metaspace       used 42827K, committed 44032K, reserved 1114112K
  class space    used 4570K, committed 5120K, reserved 1048576K
}
Event: 10.675 GC heap after
{Heap after GC invocations=22 (full 2):
 PSYoungGen      total 20992K, used 512K [0x00000000eab00000, 0x00000000ec300000, 0x0000000100000000)
  eden space 20480K, 0% used [0x00000000eab00000,0x00000000eab00000,0x00000000ebf00000)
  from space 512K, 100% used [0x00000000ec280000,0x00000000ec300000,0x00000000ec300000)
  to   space 2048K, 0% used [0x00000000ebf00000,0x00000000ebf00000,0x00000000ec100000)
 ParOldGen       total 68608K, used 31894K [0x00000000c0000000, 0x00000000c4300000, 0x00000000eab00000)
  object space 68608K, 46% used [0x00000000c0000000,0x00000000c1f258c0,0x00000000c4300000)
 Metaspace       used 42827K, committed 44032K, reserved 1114112K
  class space    used 4570K, committed 5120K, reserved 1048576K
}
Event: 11.482 GC heap before
{Heap before GC invocations=23 (full 2):
 PSYoungGen      total 20992K, used 20992K [0x00000000eab00000, 0x00000000ec300000, 0x0000000100000000)
  eden space 20480K, 100% used [0x00000000eab00000,0x00000000ebf00000,0x00000000ebf00000)
  from space 512K, 100% used [0x00000000ec280000,0x00000000ec300000,0x00000000ec300000)
  to   space 2048K, 0% used [0x00000000ebf00000,0x00000000ebf00000,0x00000000ec100000)
 ParOldGen       total 68608K, used 31894K [0x00000000c0000000, 0x00000000c4300000, 0x00000000eab00000)
  object space 68608K, 46% used [0x00000000c0000000,0x00000000c1f258c0,0x00000000c4300000)
 Metaspace       used 45181K, committed 46336K, reserved 1114112K
  class space    used 4880K, committed 5376K, reserved 1048576K
}
Event: 11.485 GC heap after
{Heap after GC invocations=23 (full 2):
 PSYoungGen      total 22528K, used 1504K [0x00000000eab00000, 0x00000000ec300000, 0x0000000100000000)
  eden space 20480K, 0% used [0x00000000eab00000,0x00000000eab00000,0x00000000ebf00000)
  from space 2048K, 73% used [0x00000000ebf00000,0x00000000ec078000,0x00000000ec100000)
  to   space 2048K, 0% used [0x00000000ec100000,0x00000000ec100000,0x00000000ec300000)
 ParOldGen       total 68608K, used 32422K [0x00000000c0000000, 0x00000000c4300000, 0x00000000eab00000)
  object space 68608K, 47% used [0x00000000c0000000,0x00000000c1fa98c0,0x00000000c4300000)
 Metaspace       used 45181K, committed 46336K, reserved 1114112K
  class space    used 4880K, committed 5376K, reserved 1048576K
}
Event: 12.094 GC heap before
{Heap before GC invocations=24 (full 2):
 PSYoungGen      total 22528K, used 21955K [0x00000000eab00000, 0x00000000ec300000, 0x0000000100000000)
  eden space 20480K, 99% used [0x00000000eab00000,0x00000000ebef8e38,0x00000000ebf00000)
  from space 2048K, 73% used [0x00000000ebf00000,0x00000000ec078000,0x00000000ec100000)
  to   space 2048K, 0% used [0x00000000ec100000,0x00000000ec100000,0x00000000ec300000)
 ParOldGen       total 68608K, used 32422K [0x00000000c0000000, 0x00000000c4300000, 0x00000000eab00000)
  object space 68608K, 47% used [0x00000000c0000000,0x00000000c1fa98c0,0x00000000c4300000)
 Metaspace       used 47666K, committed 48832K, reserved 1114112K
  class space    used 5155K, committed 5632K, reserved 1048576K
}
Event: 12.098 GC heap after
{Heap after GC invocations=24 (full 2):
 PSYoungGen      total 22016K, used 2001K [0x00000000eab00000, 0x00000000ec400000, 0x0000000100000000)
  eden space 19968K, 0% used [0x00000000eab00000,0x00000000eab00000,0x00000000ebe80000)
  from space 2048K, 97% used [0x00000000ec100000,0x00000000ec2f44a8,0x00000000ec300000)
  to   space 2560K, 0% used [0x00000000ebe80000,0x00000000ebe80000,0x00000000ec100000)
 ParOldGen       total 68608K, used 33711K [0x00000000c0000000, 0x00000000c4300000, 0x00000000eab00000)
  object space 68608K, 49% used [0x00000000c0000000,0x00000000c20ebf90,0x00000000c4300000)
 Metaspace       used 47666K, committed 48832K, reserved 1114112K
  class space    used 5155K, committed 5632K, reserved 1048576K
}
Event: 12.983 GC heap before
{Heap before GC invocations=25 (full 2):
 PSYoungGen      total 22016K, used 21969K [0x00000000eab00000, 0x00000000ec400000, 0x0000000100000000)
  eden space 19968K, 100% used [0x00000000eab00000,0x00000000ebe80000,0x00000000ebe80000)
  from space 2048K, 97% used [0x00000000ec100000,0x00000000ec2f44a8,0x00000000ec300000)
  to   space 2560K, 0% used [0x00000000ebe80000,0x00000000ebe80000,0x00000000ec100000)
 ParOldGen       total 68608K, used 33711K [0x00000000c0000000, 0x00000000c4300000, 0x00000000eab00000)
  object space 68608K, 49% used [0x00000000c0000000,0x00000000c20ebf90,0x00000000c4300000)
 Metaspace       used 48788K, committed 50048K, reserved 1114112K
  class space    used 5245K, committed 5824K, reserved 1048576K
}
Event: 12.987 GC heap after
{Heap after GC invocations=25 (full 2):
 PSYoungGen      total 21504K, used 1436K [0x00000000eab00000, 0x00000000ec280000, 0x0000000100000000)
  eden space 19968K, 0% used [0x00000000eab00000,0x00000000eab00000,0x00000000ebe80000)
  from space 1536K, 93% used [0x00000000ebe80000,0x00000000ebfe7018,0x00000000ec000000)
  to   space 2048K, 0% used [0x00000000ec080000,0x00000000ec080000,0x00000000ec280000)
 ParOldGen       total 68608K, used 35542K [0x00000000c0000000, 0x00000000c4300000, 0x00000000eab00000)
  object space 68608K, 51% used [0x00000000c0000000,0x00000000c22b5840,0x00000000c4300000)
 Metaspace       used 48788K, committed 50048K, reserved 1114112K
  class space    used 5245K, committed 5824K, reserved 1048576K
}
Event: 13.416 GC heap before
{Heap before GC invocations=26 (full 2):
 PSYoungGen      total 21504K, used 21404K [0x00000000eab00000, 0x00000000ec280000, 0x0000000100000000)
  eden space 19968K, 99% used [0x00000000eab00000,0x00000000ebe7fff8,0x00000000ebe80000)
  from space 1536K, 93% used [0x00000000ebe80000,0x00000000ebfe7018,0x00000000ec000000)
  to   space 2048K, 0% used [0x00000000ec080000,0x00000000ec080000,0x00000000ec280000)
 ParOldGen       total 68608K, used 35542K [0x00000000c0000000, 0x00000000c4300000, 0x00000000eab00000)
  object space 68608K, 51% used [0x00000000c0000000,0x00000000c22b5840,0x00000000c4300000)
 Metaspace       used 49330K, committed 50624K, reserved 1114112K
  class space    used 5303K, committed 5888K, reserved 1048576K
}
Event: 13.419 GC heap after
{Heap after GC invocations=26 (full 2):
 PSYoungGen      total 22016K, used 1680K [0x00000000eab00000, 0x00000000ec280000, 0x0000000100000000)
  eden space 19968K, 0% used [0x00000000eab00000,0x00000000eab00000,0x00000000ebe80000)
  from space 2048K, 82% used [0x00000000ec080000,0x00000000ec2243f8,0x00000000ec280000)
  to   space 2048K, 0% used [0x00000000ebe80000,0x00000000ebe80000,0x00000000ec080000)
 ParOldGen       total 68608K, used 36775K [0x00000000c0000000, 0x00000000c4300000, 0x00000000eab00000)
  object space 68608K, 53% used [0x00000000c0000000,0x00000000c23e9cd0,0x00000000c4300000)
 Metaspace       used 49330K, committed 50624K, reserved 1114112K
  class space    used 5303K, committed 5888K, reserved 1048576K
}
Event: 13.541 GC heap before
{Heap before GC invocations=27 (full 2):
 PSYoungGen      total 22016K, used 21648K [0x00000000eab00000, 0x00000000ec280000, 0x0000000100000000)
  eden space 19968K, 100% used [0x00000000eab00000,0x00000000ebe80000,0x00000000ebe80000)
  from space 2048K, 82% used [0x00000000ec080000,0x00000000ec2243f8,0x00000000ec280000)
  to   space 2048K, 0% used [0x00000000ebe80000,0x00000000ebe80000,0x00000000ec080000)
 ParOldGen       total 68608K, used 36775K [0x00000000c0000000, 0x00000000c4300000, 0x00000000eab00000)
  object space 68608K, 53% used [0x00000000c0000000,0x00000000c23e9cd0,0x00000000c4300000)
 Metaspace       used 49542K, committed 50816K, reserved 1114112K
  class space    used 5328K, committed 5888K, reserved 1048576K
}
Event: 13.545 GC heap after
{Heap after GC invocations=27 (full 2):
 PSYoungGen      total 22016K, used 2033K [0x00000000eab00000, 0x00000000ec680000, 0x0000000100000000)
  eden space 19968K, 0% used [0x00000000eab00000,0x00000000eab00000,0x00000000ebe80000)
  from space 2048K, 99% used [0x00000000ebe80000,0x00000000ec07c410,0x00000000ec080000)
  to   space 4096K, 0% used [0x00000000ec280000,0x00000000ec280000,0x00000000ec680000)
 ParOldGen       total 68608K, used 38323K [0x00000000c0000000, 0x00000000c4300000, 0x00000000eab00000)
  object space 68608K, 55% used [0x00000000c0000000,0x00000000c256ce58,0x00000000c4300000)
 Metaspace       used 49542K, committed 50816K, reserved 1114112K
  class space    used 5328K, committed 5888K, reserved 1048576K
}

Dll operation events (10 events):
Event: 0.021 Loaded shared library c:\Users\user\.vscode\extensions\redhat.java-1.41.1-win32-x64\jre\21.0.6-win32-x86_64\bin\java.dll
Event: 0.195 Loaded shared library c:\Users\user\.vscode\extensions\redhat.java-1.41.1-win32-x64\jre\21.0.6-win32-x86_64\bin\zip.dll
Event: 0.232 Loaded shared library C:\Users\user\.vscode\extensions\redhat.java-1.41.1-win32-x64\jre\21.0.6-win32-x86_64\bin\instrument.dll
Event: 0.240 Loaded shared library C:\Users\user\.vscode\extensions\redhat.java-1.41.1-win32-x64\jre\21.0.6-win32-x86_64\bin\net.dll
Event: 0.243 Loaded shared library C:\Users\user\.vscode\extensions\redhat.java-1.41.1-win32-x64\jre\21.0.6-win32-x86_64\bin\nio.dll
Event: 0.248 Loaded shared library C:\Users\user\.vscode\extensions\redhat.java-1.41.1-win32-x64\jre\21.0.6-win32-x86_64\bin\zip.dll
Event: 0.279 Loaded shared library C:\Users\user\.vscode\extensions\redhat.java-1.41.1-win32-x64\jre\21.0.6-win32-x86_64\bin\jimage.dll
Event: 0.406 Loaded shared library c:\Users\user\.vscode\extensions\redhat.java-1.41.1-win32-x64\jre\21.0.6-win32-x86_64\bin\verify.dll
Event: 2.210 Loaded shared library C:\Users\user\AppData\Roaming\Code\User\globalStorage\redhat.java\1.41.1\config_win\org.eclipse.equinox.launcher\org.eclipse.equinox.launcher.win32.win32.x86_64_1.2.1300.v20250331-1702\eclipse_11911.dll
Event: 4.966 Loaded shared library C:\Users\user\AppData\Local\Temp\jna-3599307\jna4592385701915518827.dll

Deoptimization events (20 events):
Event: 13.515 Thread 0x000002bb84488970 DEOPT PACKING pc=0x000002bbb29b164c sp=0x000000dbe81fd330
Event: 13.515 Thread 0x000002bb84488970 DEOPT UNPACKING pc=0x000002bbb2363aa2 sp=0x000000dbe81fd2e0 mode 2
Event: 13.515 Thread 0x000002bb84488970 Uncommon trap: trap_request=0xffffffde fr.pc=0x000002bbb29b164c relative=0x000000000000046c
Event: 13.515 Thread 0x000002bb84488970 Uncommon trap: reason=class_check action=maybe_recompile pc=0x000002bbb29b164c method=java.util.ImmutableCollections$MapN.probe(Ljava/lang/Object;)I @ 1 c2
Event: 13.515 Thread 0x000002bb84488970 DEOPT PACKING pc=0x000002bbb29b164c sp=0x000000dbe81fd330
Event: 13.515 Thread 0x000002bb84488970 DEOPT UNPACKING pc=0x000002bbb2363aa2 sp=0x000000dbe81fd2e0 mode 2
Event: 13.515 Thread 0x000002bb84488970 Uncommon trap: trap_request=0xffffffde fr.pc=0x000002bbb29b164c relative=0x000000000000046c
Event: 13.515 Thread 0x000002bb84488970 Uncommon trap: reason=class_check action=maybe_recompile pc=0x000002bbb29b164c method=java.util.ImmutableCollections$MapN.probe(Ljava/lang/Object;)I @ 1 c2
Event: 13.515 Thread 0x000002bb84488970 DEOPT PACKING pc=0x000002bbb29b164c sp=0x000000dbe81fd330
Event: 13.515 Thread 0x000002bb84488970 DEOPT UNPACKING pc=0x000002bbb2363aa2 sp=0x000000dbe81fd2e0 mode 2
Event: 13.515 Thread 0x000002bb84488970 Uncommon trap: trap_request=0xffffffde fr.pc=0x000002bbb29b164c relative=0x000000000000046c
Event: 13.515 Thread 0x000002bb84488970 Uncommon trap: reason=class_check action=maybe_recompile pc=0x000002bbb29b164c method=java.util.ImmutableCollections$MapN.probe(Ljava/lang/Object;)I @ 1 c2
Event: 13.515 Thread 0x000002bb84488970 DEOPT PACKING pc=0x000002bbb29b164c sp=0x000000dbe81fd330
Event: 13.515 Thread 0x000002bb84488970 DEOPT UNPACKING pc=0x000002bbb2363aa2 sp=0x000000dbe81fd2e0 mode 2
Event: 13.548 Thread 0x000002bb84488970 Uncommon trap: trap_request=0xffffffde fr.pc=0x000002bbb29b2060 relative=0x0000000000000500
Event: 13.548 Thread 0x000002bb84488970 Uncommon trap: reason=class_check action=maybe_recompile pc=0x000002bbb29b2060 method=java.util.ImmutableCollections$MapN.probe(Ljava/lang/Object;)I @ 1 c2
Event: 13.548 Thread 0x000002bb84488970 DEOPT PACKING pc=0x000002bbb29b2060 sp=0x000000dbe81fd630
Event: 13.548 Thread 0x000002bb84488970 DEOPT UNPACKING pc=0x000002bbb2363aa2 sp=0x000000dbe81fd570 mode 2
Event: 13.567 Thread 0x000002bb84488970 DEOPT PACKING pc=0x000002bbab0de2d5 sp=0x000000dbe81fad30
Event: 13.567 Thread 0x000002bb84488970 DEOPT UNPACKING pc=0x000002bbb2364242 sp=0x000000dbe81fa238 mode 0

Classes loaded (20 events):
Event: 12.203 Loading class java/nio/file/ClosedDirectoryStreamException
Event: 12.204 Loading class java/nio/file/ClosedDirectoryStreamException done
Event: 12.206 Loading class jdk/internal/jrtfs/JrtFileSystem
Event: 12.210 Loading class jdk/internal/jrtfs/JrtFileSystem done
Event: 12.211 Loading class jdk/internal/jrtfs/JrtPath
Event: 12.211 Loading class jdk/internal/jrtfs/JrtPath done
Event: 12.212 Loading class jdk/internal/jimage/ImageReader$Node
Event: 12.243 Loading class jdk/internal/jimage/ImageReader$Node done
Event: 12.327 Loading class java/nio/ByteBufferAsIntBufferL
Event: 12.331 Loading class java/nio/ByteBufferAsIntBufferL done
Event: 12.386 Loading class jdk/internal/jimage/ImageReader$Directory
Event: 12.387 Loading class jdk/internal/jimage/ImageReader$Directory done
Event: 12.479 Loading class java/nio/file/FileSystemLoopException
Event: 12.479 Loading class java/nio/file/FileSystemLoopException done
Event: 12.905 Loading class java/nio/channels/Channels$ReadableByteChannelImpl
Event: 12.906 Loading class java/nio/channels/Channels$ReadableByteChannelImpl done
Event: 12.907 Loading class java/nio/channels/NonWritableChannelException
Event: 12.907 Loading class java/nio/channels/NonWritableChannelException done
Event: 13.548 Loading class java/util/AbstractList$ListItr
Event: 13.548 Loading class java/util/AbstractList$ListItr done

Classes unloaded (16 events):
Event: 7.239 Thread 0x000002bbbbf84d20 Unloading class 0x000002bbbd194c00 'java/lang/invoke/LambdaForm$MH+0x000002bbbd194c00'
Event: 7.239 Thread 0x000002bbbbf84d20 Unloading class 0x000002bbbd194800 'java/lang/invoke/LambdaForm$MH+0x000002bbbd194800'
Event: 7.239 Thread 0x000002bbbbf84d20 Unloading class 0x000002bbbd194400 'java/lang/invoke/LambdaForm$MH+0x000002bbbd194400'
Event: 7.239 Thread 0x000002bbbbf84d20 Unloading class 0x000002bbbd194000 'java/lang/invoke/LambdaForm$MH+0x000002bbbd194000'
Event: 7.239 Thread 0x000002bbbbf84d20 Unloading class 0x000002bbbd193c00 'java/lang/invoke/LambdaForm$BMH+0x000002bbbd193c00'
Event: 7.239 Thread 0x000002bbbbf84d20 Unloading class 0x000002bbbd193800 'java/lang/invoke/LambdaForm$DMH+0x000002bbbd193800'
Event: 7.239 Thread 0x000002bbbbf84d20 Unloading class 0x000002bbbd192400 'java/lang/invoke/LambdaForm$DMH+0x000002bbbd192400'
Event: 9.121 Thread 0x000002bbbbf84d20 Unloading class 0x000002bbbd2d0800 'java/lang/invoke/LambdaForm$MH+0x000002bbbd2d0800'
Event: 9.121 Thread 0x000002bbbbf84d20 Unloading class 0x000002bbbd2d0400 'java/lang/invoke/LambdaForm$MH+0x000002bbbd2d0400'
Event: 9.121 Thread 0x000002bbbbf84d20 Unloading class 0x000002bbbd2cf800 'java/lang/invoke/LambdaForm$DMH+0x000002bbbd2cf800'
Event: 9.121 Thread 0x000002bbbbf84d20 Unloading class 0x000002bbbd2ce800 'java/lang/invoke/LambdaForm$MH+0x000002bbbd2ce800'
Event: 9.121 Thread 0x000002bbbbf84d20 Unloading class 0x000002bbbd2ca800 'java/lang/invoke/LambdaForm$MH+0x000002bbbd2ca800'
Event: 9.121 Thread 0x000002bbbbf84d20 Unloading class 0x000002bbbd2ca000 'java/lang/invoke/LambdaForm$MH+0x000002bbbd2ca000'
Event: 9.121 Thread 0x000002bbbbf84d20 Unloading class 0x000002bbbd2c9800 'java/lang/invoke/LambdaForm$MH+0x000002bbbd2c9800'
Event: 9.121 Thread 0x000002bbbbf84d20 Unloading class 0x000002bbbd2c8800 'java/lang/invoke/LambdaForm$MH+0x000002bbbd2c8800'
Event: 9.121 Thread 0x000002bbbbf84d20 Unloading class 0x000002bbbd2c8000 'java/lang/invoke/LambdaForm$MH+0x000002bbbd2c8000'

Classes redefined (0 events):
No events

Internal exceptions (20 events):
Event: 13.374 Thread 0x000002bb84486f30 Exception <a 'sun/nio/fs/WindowsException'{0x00000000eb695e80}> (0x00000000eb695e80) 
thrown [s\src\hotspot\share\prims\jni.cpp, line 520]
Event: 13.374 Thread 0x000002bb84486f30 Exception <a 'sun/nio/fs/WindowsException'{0x00000000eb696440}> (0x00000000eb696440) 
thrown [s\src\hotspot\share\prims\jni.cpp, line 520]
Event: 13.374 Thread 0x000002bb84486f30 Exception <a 'sun/nio/fs/WindowsException'{0x00000000eb696a00}> (0x00000000eb696a00) 
thrown [s\src\hotspot\share\prims\jni.cpp, line 520]
Event: 13.374 Thread 0x000002bb84486f30 Exception <a 'sun/nio/fs/WindowsException'{0x00000000eb696fd8}> (0x00000000eb696fd8) 
thrown [s\src\hotspot\share\prims\jni.cpp, line 520]
Event: 13.376 Thread 0x000002bb84486f30 Exception <a 'sun/nio/fs/WindowsException'{0x00000000eb69b838}> (0x00000000eb69b838) 
thrown [s\src\hotspot\share\prims\jni.cpp, line 520]
Event: 13.383 Thread 0x000002bb84486f30 Exception <a 'sun/nio/fs/WindowsException'{0x00000000eb69bde8}> (0x00000000eb69bde8) 
thrown [s\src\hotspot\share\prims\jni.cpp, line 520]
Event: 13.383 Thread 0x000002bb84486f30 Exception <a 'sun/nio/fs/WindowsException'{0x00000000eb69c398}> (0x00000000eb69c398) 
thrown [s\src\hotspot\share\prims\jni.cpp, line 520]
Event: 13.383 Thread 0x000002bb84486f30 Exception <a 'sun/nio/fs/WindowsException'{0x00000000eb69c968}> (0x00000000eb69c968) 
thrown [s\src\hotspot\share\prims\jni.cpp, line 520]
Event: 13.384 Thread 0x000002bb84486f30 Exception <a 'sun/nio/fs/WindowsException'{0x00000000eb6a0ca8}> (0x00000000eb6a0ca8) 
thrown [s\src\hotspot\share\prims\jni.cpp, line 520]
Event: 13.384 Thread 0x000002bb84486f30 Exception <a 'sun/nio/fs/WindowsException'{0x00000000eb6a1250}> (0x00000000eb6a1250) 
thrown [s\src\hotspot\share\prims\jni.cpp, line 520]
Event: 13.384 Thread 0x000002bb84486f30 Exception <a 'sun/nio/fs/WindowsException'{0x00000000eb6a17f8}> (0x00000000eb6a17f8) 
thrown [s\src\hotspot\share\prims\jni.cpp, line 520]
Event: 13.384 Thread 0x000002bb84486f30 Exception <a 'sun/nio/fs/WindowsException'{0x00000000eb6a1db8}> (0x00000000eb6a1db8) 
thrown [s\src\hotspot\share\prims\jni.cpp, line 520]
Event: 13.390 Thread 0x000002bb84486f30 Exception <a 'sun/nio/fs/WindowsException'{0x00000000eb6a6120}> (0x00000000eb6a6120) 
thrown [s\src\hotspot\share\prims\jni.cpp, line 520]
Event: 13.391 Thread 0x000002bb84486f30 Exception <a 'sun/nio/fs/WindowsException'{0x00000000eb6a66b8}> (0x00000000eb6a66b8) 
thrown [s\src\hotspot\share\prims\jni.cpp, line 520]
Event: 13.391 Thread 0x000002bb84486f30 Exception <a 'sun/nio/fs/WindowsException'{0x00000000eb6a6c50}> (0x00000000eb6a6c50) 
thrown [s\src\hotspot\share\prims\jni.cpp, line 520]
Event: 13.391 Thread 0x000002bb84486f30 Exception <a 'sun/nio/fs/WindowsException'{0x00000000eb74a750}> (0x00000000eb74a750) 
thrown [s\src\hotspot\share\prims\jni.cpp, line 520]
Event: 13.396 Thread 0x000002bb84486f30 Exception <a 'sun/nio/fs/WindowsException'{0x00000000eb74eb18}> (0x00000000eb74eb18) 
thrown [s\src\hotspot\share\prims\jni.cpp, line 520]
Event: 13.397 Thread 0x000002bb84486f30 Exception <a 'sun/nio/fs/WindowsException'{0x00000000eb74f0c8}> (0x00000000eb74f0c8) 
thrown [s\src\hotspot\share\prims\jni.cpp, line 520]
Event: 13.397 Thread 0x000002bb84486f30 Exception <a 'sun/nio/fs/WindowsException'{0x00000000eb74f688}> (0x00000000eb74f688) 
thrown [s\src\hotspot\share\prims\jni.cpp, line 520]
Event: 13.397 Thread 0x000002bb84486f30 Exception <a 'sun/nio/fs/WindowsException'{0x00000000eb74fc58}> (0x00000000eb74fc58) 
thrown [s\src\hotspot\share\prims\jni.cpp, line 520]

ZGC Phase Switch (0 events):
No events

VM Operations (20 events):
Event: 11.843 Executing VM operation: HandshakeAllThreads (Deoptimize)
Event: 11.843 Executing VM operation: HandshakeAllThreads (Deoptimize) done
Event: 11.940 Executing VM operation: HandshakeAllThreads (Deoptimize)
Event: 11.940 Executing VM operation: HandshakeAllThreads (Deoptimize) done
Event: 11.946 Executing VM operation: HandshakeAllThreads (Deoptimize)
Event: 11.946 Executing VM operation: HandshakeAllThreads (Deoptimize) done
Event: 12.094 Executing VM operation: ParallelGCFailedAllocation (Allocation Failure)
Event: 12.098 Executing VM operation: ParallelGCFailedAllocation (Allocation Failure) done
Event: 12.333 Executing VM operation: HandshakeAllThreads (Deoptimize)
Event: 12.333 Executing VM operation: HandshakeAllThreads (Deoptimize) done
Event: 12.706 Executing VM operation: HandshakeAllThreads (Deoptimize)
Event: 12.706 Executing VM operation: HandshakeAllThreads (Deoptimize) done
Event: 12.983 Executing VM operation: ParallelGCFailedAllocation (Allocation Failure)
Event: 12.987 Executing VM operation: ParallelGCFailedAllocation (Allocation Failure) done
Event: 13.416 Executing VM operation: ParallelGCFailedAllocation (Allocation Failure)
Event: 13.419 Executing VM operation: ParallelGCFailedAllocation (Allocation Failure) done
Event: 13.541 Executing VM operation: ParallelGCFailedAllocation (Allocation Failure)
Event: 13.545 Executing VM operation: ParallelGCFailedAllocation (Allocation Failure) done
Event: 13.550 Executing VM operation: HandshakeAllThreads (Deoptimize)
Event: 13.553 Executing VM operation: HandshakeAllThreads (Deoptimize) done

Memory protections (0 events):
No events

Nmethod flushes (20 events):
Event: 9.139 Thread 0x000002bbbbf84d20 flushing  nmethod 0x000002bbab4dd890
Event: 9.139 Thread 0x000002bbbbf84d20 flushing  nmethod 0x000002bbab4ddc90
Event: 9.139 Thread 0x000002bbbbf84d20 flushing  nmethod 0x000002bbab4de590
Event: 9.139 Thread 0x000002bbbbf84d20 flushing  nmethod 0x000002bbab4df790
Event: 9.139 Thread 0x000002bbbbf84d20 flushing  nmethod 0x000002bbab4e0490
Event: 9.139 Thread 0x000002bbbbf84d20 flushing  nmethod 0x000002bbab4e1590
Event: 9.139 Thread 0x000002bbbbf84d20 flushing  nmethod 0x000002bbab4e1e90
Event: 9.139 Thread 0x000002bbbbf84d20 flushing  nmethod 0x000002bbab4e2f10
Event: 9.139 Thread 0x000002bbbbf84d20 flushing  nmethod 0x000002bbab4e4810
Event: 9.139 Thread 0x000002bbbbf84d20 flushing  nmethod 0x000002bbab4e5290
Event: 9.139 Thread 0x000002bbbbf84d20 flushing  nmethod 0x000002bbab4e5a90
Event: 9.139 Thread 0x000002bbbbf84d20 flushing  nmethod 0x000002bbab4e6a10
Event: 9.139 Thread 0x000002bbbbf84d20 flushing  nmethod 0x000002bbab4efd10
Event: 9.139 Thread 0x000002bbbbf84d20 flushing  nmethod 0x000002bbab52d090
Event: 9.139 Thread 0x000002bbbbf84d20 flushing  nmethod 0x000002bbab52e690
Event: 9.139 Thread 0x000002bbbbf84d20 flushing  nmethod 0x000002bbab57c510
Event: 9.139 Thread 0x000002bbbbf84d20 flushing  nmethod 0x000002bbab57e990
Event: 9.139 Thread 0x000002bbbbf84d20 flushing  nmethod 0x000002bbab5a7f10
Event: 9.139 Thread 0x000002bbbbf84d20 flushing  nmethod 0x000002bbab5c6390
Event: 9.139 Thread 0x000002bbbbf84d20 flushing  nmethod 0x000002bbab5e2510

Events (20 events):
Event: 8.369 Thread 0x000002bb841e6240 Thread added: 0x000002bb84487c50
Event: 8.956 Thread 0x000002bb84486f30 Thread added: 0x000002bb84488970
Event: 9.023 Thread 0x000002bb84488970 Thread added: 0x000002bb844882e0
Event: 9.092 Thread 0x000002bba597a270 Thread added: 0x000002bb8620f3a0
Event: 9.093 Thread 0x000002bba597a270 Thread added: 0x000002bb8620fa30
Event: 9.093 Thread 0x000002bba597a270 Thread added: 0x000002bb86210750
Event: 9.093 Thread 0x000002bba597a270 Thread added: 0x000002bb86212190
Event: 9.093 Thread 0x000002bba597a270 Thread added: 0x000002bb86212820
Event: 9.093 Thread 0x000002bba597a270 Thread added: 0x000002bb8620ed10
Event: 9.093 Thread 0x000002bba597a270 Thread added: 0x000002bb8620b890
Event: 9.093 Thread 0x000002bba597a270 Thread added: 0x000002bb86210de0
Event: 9.094 Thread 0x000002bba597a270 Thread added: 0x000002bb8620cc40
Event: 9.187 Thread 0x000002bba597a270 Thread added: 0x000002bb8620d2d0
Event: 9.280 Thread 0x000002bb844882e0 Thread added: 0x000002bb86211470
Event: 9.308 Thread 0x000002bb844882e0 Thread added: 0x000002bb86212eb0
Event: 9.555 Thread 0x000002bb844882e0 Thread added: 0x000002bb8620c5b0
Event: 9.607 Thread 0x000002bba597a270 Thread added: 0x000002bb8620d960
Event: 9.608 Thread 0x000002bba597a270 Thread added: 0x000002bb8620dff0
Event: 10.236 Thread 0x000002bbbbfc0270 Thread added: 0x000002bb85749020
Event: 12.083 Thread 0x000002bb8432f7d0 Thread exited: 0x000002bb8432f7d0


Dynamic libraries:
0x00007ff618f00000 - 0x00007ff618f0e000 	c:\Users\user\.vscode\extensions\redhat.java-1.41.1-win32-x64\jre\21.0.6-win32-x86_64\bin\java.exe
0x00007ffed32d0000 - 0x00007ffed34e7000 	C:\windows\SYSTEM32\ntdll.dll
0x00007ffed1830000 - 0x00007ffed18f4000 	C:\windows\System32\KERNEL32.DLL
0x00007ffed0680000 - 0x00007ffed0a51000 	C:\windows\System32\KERNELBASE.dll
0x00007ffed0c00000 - 0x00007ffed0d11000 	C:\windows\System32\ucrtbase.dll
0x00007ffebb680000 - 0x00007ffebb698000 	c:\Users\user\.vscode\extensions\redhat.java-1.41.1-win32-x64\jre\21.0.6-win32-x86_64\bin\jli.dll
0x00007ffeb5410000 - 0x00007ffeb542e000 	c:\Users\user\.vscode\extensions\redhat.java-1.41.1-win32-x64\jre\21.0.6-win32-x86_64\bin\VCRUNTIME140.dll
0x00007ffed30d0000 - 0x00007ffed3281000 	C:\windows\System32\USER32.dll
0x00007ffed0490000 - 0x00007ffed04b6000 	C:\windows\System32\win32u.dll
0x00007ffeba440000 - 0x00007ffeba6d2000 	C:\windows\WinSxS\amd64_microsoft.windows.common-controls_6595b64144ccf1df_6.0.22621.4830_none_270fe7d773858e80\COMCTL32.dll
0x00007ffed1bf0000 - 0x00007ffed1c19000 	C:\windows\System32\GDI32.dll
0x00007ffed2620000 - 0x00007ffed26c7000 	C:\windows\System32\msvcrt.dll
0x00007ffed0560000 - 0x00007ffed067b000 	C:\windows\System32\gdi32full.dll
0x00007ffed04c0000 - 0x00007ffed055a000 	C:\windows\System32\msvcp_win.dll
0x00007ffed2d30000 - 0x00007ffed2d61000 	C:\windows\System32\IMM32.DLL
0x00007ffec1b20000 - 0x00007ffec1b2c000 	c:\Users\user\.vscode\extensions\redhat.java-1.41.1-win32-x64\jre\21.0.6-win32-x86_64\bin\vcruntime140_1.dll
0x00007ffe98410000 - 0x00007ffe9849d000 	c:\Users\user\.vscode\extensions\redhat.java-1.41.1-win32-x64\jre\21.0.6-win32-x86_64\bin\msvcp140.dll
0x00007ffe82c00000 - 0x00007ffe83990000 	c:\Users\user\.vscode\extensions\redhat.java-1.41.1-win32-x64\jre\21.0.6-win32-x86_64\bin\server\jvm.dll
0x00007ffed2560000 - 0x00007ffed2611000 	C:\windows\System32\ADVAPI32.dll
0x00007ffed22b0000 - 0x00007ffed2357000 	C:\windows\System32\sechost.dll
0x00007ffed0a60000 - 0x00007ffed0a88000 	C:\windows\System32\bcrypt.dll
0x00007ffed2ea0000 - 0x00007ffed2fb4000 	C:\windows\System32\RPCRT4.dll
0x00007ffed2e20000 - 0x00007ffed2e91000 	C:\windows\System32\WS2_32.dll
0x00007ffecfc90000 - 0x00007ffecfcdd000 	C:\windows\SYSTEM32\POWRPROF.dll
0x00007ffecbce0000 - 0x00007ffecbd14000 	C:\windows\SYSTEM32\WINMM.dll
0x00007ffec74d0000 - 0x00007ffec74da000 	C:\windows\SYSTEM32\VERSION.dll
0x00007ffecfc20000 - 0x00007ffecfc33000 	C:\windows\SYSTEM32\UMPDC.dll
0x00007ffecf460000 - 0x00007ffecf478000 	C:\windows\SYSTEM32\kernel.appcore.dll
0x00007ffec12e0000 - 0x00007ffec12ea000 	c:\Users\user\.vscode\extensions\redhat.java-1.41.1-win32-x64\jre\21.0.6-win32-x86_64\bin\jimage.dll
0x00007ffec68f0000 - 0x00007ffec6b22000 	C:\windows\SYSTEM32\DBGHELP.DLL
0x00007ffed1ef0000 - 0x00007ffed2280000 	C:\windows\System32\combase.dll
0x00007ffed1b10000 - 0x00007ffed1be7000 	C:\windows\System32\OLEAUT32.dll
0x00007ffeb3730000 - 0x00007ffeb3762000 	C:\windows\SYSTEM32\dbgcore.DLL
0x00007ffed0de0000 - 0x00007ffed0e5b000 	C:\windows\System32\bcryptPrimitives.dll
0x00007ffec9890000 - 0x00007ffec989f000 	c:\Users\user\.vscode\extensions\redhat.java-1.41.1-win32-x64\jre\21.0.6-win32-x86_64\bin\instrument.dll
0x00007ffeacc50000 - 0x00007ffeacc6f000 	c:\Users\user\.vscode\extensions\redhat.java-1.41.1-win32-x64\jre\21.0.6-win32-x86_64\bin\java.dll
0x00007ffed0fa0000 - 0x00007ffed1828000 	C:\windows\System32\SHELL32.dll
0x00007ffed0e60000 - 0x00007ffed0f9f000 	C:\windows\System32\wintypes.dll
0x00007ffece330000 - 0x00007ffecec3d000 	C:\windows\SYSTEM32\windows.storage.dll
0x00007ffed2fc0000 - 0x00007ffed30ca000 	C:\windows\System32\SHCORE.dll
0x00007ffed1900000 - 0x00007ffed195e000 	C:\windows\System32\shlwapi.dll
0x00007ffed0340000 - 0x00007ffed036b000 	C:\windows\SYSTEM32\profapi.dll
0x00007ffeaac80000 - 0x00007ffeaac98000 	c:\Users\user\.vscode\extensions\redhat.java-1.41.1-win32-x64\jre\21.0.6-win32-x86_64\bin\zip.dll
0x00007ffebc3f0000 - 0x00007ffebc400000 	C:\Users\user\.vscode\extensions\redhat.java-1.41.1-win32-x64\jre\21.0.6-win32-x86_64\bin\net.dll
0x00007ffecd180000 - 0x00007ffecd2ac000 	C:\windows\SYSTEM32\WINHTTP.dll
0x00007ffecf940000 - 0x00007ffecf9aa000 	C:\windows\system32\mswsock.dll
0x00007ffeaa2a0000 - 0x00007ffeaa2b6000 	C:\Users\user\.vscode\extensions\redhat.java-1.41.1-win32-x64\jre\21.0.6-win32-x86_64\bin\nio.dll
0x00007ffec9640000 - 0x00007ffec9650000 	c:\Users\user\.vscode\extensions\redhat.java-1.41.1-win32-x64\jre\21.0.6-win32-x86_64\bin\verify.dll
0x00007ffe9af10000 - 0x00007ffe9af55000 	C:\Users\user\AppData\Roaming\Code\User\globalStorage\redhat.java\1.41.1\config_win\org.eclipse.equinox.launcher\org.eclipse.equinox.launcher.win32.win32.x86_64_1.2.1300.v20250331-1702\eclipse_11911.dll
0x00007ffed1960000 - 0x00007ffed1b01000 	C:\windows\System32\ole32.dll
0x00007ffecfb90000 - 0x00007ffecfbab000 	C:\windows\SYSTEM32\CRYPTSP.dll
0x00007ffecf3c0000 - 0x00007ffecf3f7000 	C:\windows\system32\rsaenh.dll
0x00007ffecfa30000 - 0x00007ffecfa58000 	C:\windows\SYSTEM32\USERENV.dll
0x00007ffecfbc0000 - 0x00007ffecfbcc000 	C:\windows\SYSTEM32\CRYPTBASE.dll
0x00007ffeceea0000 - 0x00007ffeceecd000 	C:\windows\SYSTEM32\IPHLPAPI.DLL
0x00007ffed22a0000 - 0x00007ffed22a9000 	C:\windows\System32\NSI.dll
0x00007ffe977c0000 - 0x00007ffe97809000 	C:\Users\user\AppData\Local\Temp\jna-3599307\jna4592385701915518827.dll
0x00007ffed1cc0000 - 0x00007ffed1cc8000 	C:\windows\System32\PSAPI.DLL
0x00007ffecc080000 - 0x00007ffecc099000 	C:\windows\SYSTEM32\dhcpcsvc6.DLL
0x00007ffecc020000 - 0x00007ffecc03f000 	C:\windows\SYSTEM32\dhcpcsvc.DLL

dbghelp: loaded successfully - version: 4.0.5 - missing functions: none
symbol engine: initialized successfully - sym options: 0x614 - pdb path: .;c:\Users\user\.vscode\extensions\redhat.java-1.41.1-win32-x64\jre\21.0.6-win32-x86_64\bin;C:\windows\SYSTEM32;C:\windows\WinSxS\amd64_microsoft.windows.common-controls_6595b64144ccf1df_6.0.22621.4830_none_270fe7d773858e80;c:\Users\user\.vscode\extensions\redhat.java-1.41.1-win32-x64\jre\21.0.6-win32-x86_64\bin\server;C:\Users\user\AppData\Roaming\Code\User\globalStorage\redhat.java\1.41.1\config_win\org.eclipse.equinox.launcher\org.eclipse.equinox.launcher.win32.win32.x86_64_1.2.1300.v20250331-1702;C:\Users\user\AppData\Local\Temp\jna-3599307

VM Arguments:
jvm_args: --add-modules=ALL-SYSTEM --add-opens=java.base/java.util=ALL-UNNAMED --add-opens=java.base/java.lang=ALL-UNNAMED --add-opens=java.base/sun.nio.fs=ALL-UNNAMED -Declipse.application=org.eclipse.jdt.ls.core.id1 -Dosgi.bundles.defaultStartLevel=4 -Declipse.product=org.eclipse.jdt.ls.core.product -Djava.import.generatesMetadataFilesAtProjectRoot=false -DDetectVMInstallationsJob.disabled=true -Dfile.encoding=utf8 -XX:+UseParallelGC -XX:GCTimeRatio=4 -XX:AdaptiveSizePolicyWeight=90 -Dsun.zip.disableMemoryMapping=true -Xmx1G -Xms100m -Xlog:disable -javaagent:c:\Users\user\.vscode\extensions\redhat.java-1.41.1-win32-x64\lombok\lombok-1.18.36.jar -XX:+HeapDumpOnOutOfMemoryError -XX:HeapDumpPath=c:\Users\user\AppData\Roaming\Code\User\workspaceStorage\2f68e58c5640157660ef261f56df7bc0\redhat.java -Daether.dependencyCollector.impl=bf 
java_command: c:\Users\user\.vscode\extensions\redhat.java-1.41.1-win32-x64\server\plugins\org.eclipse.equinox.launcher_1.7.0.v20250331-1702.jar -configuration c:\Users\user\AppData\Roaming\Code\User\globalStorage\redhat.java\1.41.1\config_win -data c:\Users\user\AppData\Roaming\Code\User\workspaceStorage\2f68e58c5640157660ef261f56df7bc0\redhat.java\jdt_ws --pipe=\\.\pipe\lsp-caf9ee86fe0222ad130719eb0482df4a-sock
java_class_path (initial): c:\Users\user\.vscode\extensions\redhat.java-1.41.1-win32-x64\server\plugins\org.eclipse.equinox.launcher_1.7.0.v20250331-1702.jar
Launcher Type: SUN_STANDARD

[Global flags]
    uintx AdaptiveSizePolicyWeight                 = 90                                        {product} {command line}
     intx CICompilerCount                          = 4                                         {product} {ergonomic}
    uintx GCTimeRatio                              = 4                                         {product} {command line}
     bool HeapDumpOnOutOfMemoryError               = true                                   {manageable} {command line}
    ccstr HeapDumpPath                             = c:\Users\user\AppData\Roaming\Code\User\workspaceStorage\2f68e58c5640157660ef261f56df7bc0\redhat.java         {manageable} {command line}
   size_t InitialHeapSize                          = 104857600                                 {product} {command line}
   size_t MaxHeapSize                              = 1073741824                                {product} {command line}
   size_t MaxNewSize                               = 357564416                                 {product} {ergonomic}
   size_t MinHeapDeltaBytes                        = 524288                                    {product} {ergonomic}
   size_t MinHeapSize                              = 104857600                                 {product} {command line}
   size_t NewSize                                  = 34603008                                  {product} {ergonomic}
    uintx NonNMethodCodeHeapSize                   = 5839372                                {pd product} {ergonomic}
    uintx NonProfiledCodeHeapSize                  = 122909434                              {pd product} {ergonomic}
   size_t OldSize                                  = 70254592                                  {product} {ergonomic}
    uintx ProfiledCodeHeapSize                     = 122909434                              {pd product} {ergonomic}
    uintx ReservedCodeCacheSize                    = 251658240                              {pd product} {ergonomic}
     bool SegmentedCodeCache                       = true                                      {product} {ergonomic}
   size_t SoftMaxHeapSize                          = 1073741824                             {manageable} {ergonomic}
     bool UseCompressedOops                        = true                           {product lp64_product} {ergonomic}
     bool UseLargePagesIndividualAllocation        = false                                  {pd product} {ergonomic}
     bool UseParallelGC                            = true                                      {product} {command line}

Logging:
Log output configuration:
 #0: stdout all=off uptime,level,tags foldmultilines=false
 #1: stderr all=off uptime,level,tags foldmultilines=false

Environment Variables:
PATH=C:\Program Files\Common Files\Oracle\Java\javapath;C:\Program Files (x86)\Common Files\Oracle\Java\java8path;C:\Program Files (x86)\Common Files\Oracle\Java\javapath;C:\windows\system32;C:\windows;C:\windows\System32\Wbem;C:\windows\System32\WindowsPowerShell\v1.0\;C:\windows\System32\OpenSSH\;C:\xampp\php;C:\ProgramData\ComposerSetup\bin;C:\Program Files\Git\cmd;C:\Program Files\PostgreSQL\17\bin;C:\Users\user\AppData\Local\Android\Sdk\platform-tools;%NVM_HOME%;%NVM_SYMLINK%;C:\Users\user\AppData\Local\Programs\Python\Python313\Scripts\;C:\Users\user\AppData\Local\Programs\Python\Python313\;C:\Users\user\AppData\Local\Programs\Python\Launcher\;C:\Users\user\AppData\Local\Microsoft\WindowsApps;C:\Users\user\AppData\Local\Programs\Microsoft VS Code\bin;C:\src\flutter\bin;C:\Users\user\AppData\Roaming\Composer\vendor\bin;C:\Program Files\Git;C:\src\jdk-18_windows-x64_bin\jdk-18.0.2\bin;C:\src\flutter\.pub-cache\bin;C:\src\flutter\bin\cache\dart-sdk\bin;C:\Users\user\AppData\Local\Pub\Cache\bin;C:\Users\user\AppData\Roaming\npm;C:\Users\user\AppData\Local\nvm;C:\nvm4w\nodejs
USERNAME=user
OS=Windows_NT
PROCESSOR_IDENTIFIER=AMD64 Family 23 Model 104 Stepping 1, AuthenticAMD
TMP=C:\Users\user\AppData\Local\Temp
TEMP=C:\Users\user\AppData\Local\Temp




Periodic native trim disabled

---------------  S Y S T E M  ---------------

OS:
 Windows 11 , 64 bit Build 22621 (10.0.22621.4974)
OS uptime: 4 days 23:49 hours
Hyper-V role detected

CPU: total 8 (initial active 8) (8 cores per cpu, 2 threads per core) family 23 model 104 stepping 1 microcode 0x0, cx8, cmov, fxsr, ht, mmx, 3dnowpref, sse, sse2, sse3, ssse3, sse4a, sse4.1, sse4.2, popcnt, lzcnt, tsc, tscinvbit, avx, avx2, aes, clmul, bmi1, bmi2, adx, sha, fma, vzeroupper, clflush, clflushopt, hv, rdtscp, rdpid, f16c
Processor Information for the first 8 processors :
  Max Mhz: 2600, Current Mhz: 2600, Mhz Limit: 2600

Memory: 4k page, system-wide physical 7502M (294M free)
TotalPageFile size 15223M (AvailPageFile size 2M)
current process WorkingSet (physical memory assigned to process): 241M, peak: 241M
current process commit charge ("private bytes"): 314M, peak: 315M

vm_info: OpenJDK 64-Bit Server VM (21.0.6+7-LTS) for windows-amd64 JRE (21.0.6+7-LTS), built on 2025-01-21T00:00:00Z by "admin" with MS VC++ 17.7 (VS2022)

END.
